Intializing the propertiey files......
Loading the Browser :- chrome
Navagted to url :-https://www.amazon.in
Selected the item in dropdown :- Books By using locator :-  searchDropdownBox
Entered the value  :- Harry Potter By using the locator :- field-keywords
Clicked on Button By using locator :- //div[@class='nav-search-submit nav-sprite']//input[@class='nav-input']
Intializing the propertiey files......
Intializing the propertiey files......
Loading the Browser :- chrome
Navagted to url :-https://www.amazon.in
Selected the item in dropdown :- Books By using locator :-  searchDropdownBox
Entered the value  :- Harry Potter By using the locator :- field-keywords
Clicked on Button By using locator :- //div[@class='nav-search-submit nav-sprite']//input[@class='nav-input']
Intializing the propertiey files......
Loading the Browser :- chrome
Navagted to url :-https://www.amazon.in
Selected the item in dropdown :- Books By using locator :-  searchDropdownBox
Entered the value  :- Harry Potter By using the locator :- field-keywords
Clicked on Button By using locator :- //div[@class='nav-search-submit nav-sprite']//input[@class='nav-input']
Intializing the propertiey files......
Loading the Browser :- chrome
Navagted to url :-https://www.amazon.in
Selected the item in dropdown :- Books By using locator :-  searchDropdownBox
Entered the value  :- Harry Potter By using the locator :- field-keywords
Clicked on Button By using locator :- //div[@class='nav-search-submit nav-sprite']//input[@class='nav-input']
Intializing the propertiey files......
Loading the Browser :- chrome
Navagted to url :-https://www.amazon.in
Selected the item in dropdown :- Books By using locator :-  searchDropdownBox
Entered the value  :- Harry Potter By using the locator :- field-keywords
Clicked on Button By using locator :- //div[@class='nav-search-submit nav-sprite']//input[@class='nav-input']
Intializing the propertiey files......
Intializing the propertiey files......
Loading the Browser :- chrome
Navagted to url :-https://www.amazon.in
Selected the item in dropdown :- Books By using locator :-  searchDropdownBox
Entered the value  :- Harry Potter By using the locator :- field-keywords
Clicked on Button By using locator :- //div[@class='nav-search-submit nav-sprite']//input[@class='nav-input']
Intializing the propertiey files......
Intializing the propertiey files......
Intializing the propertiey files......
Loading the Browser :- chrome
Navagted to url :-https://www.amazon.in
Selected the item in dropdown :- Books By using locator :-  searchDropdownBox
Entered the value  :- Harry Potter By using the locator :- field-keywords
Clicked on Button By using locator :- //div[@class='nav-search-submit nav-sprite']//input[@class='nav-input']
